This is pdfTeX, Version 3.1415926-2.4-1.40.13 (TeX Live 2012/Debian) (format=pdflatex 2014.2.15)  11 MAR 2014 02:09
entering extended mode
 restricted \write18 enabled.
 %&-line parsing enabled.
**"desc working copy.tex"
(./desc working copy.tex
LaTeX2e <2011/06/27>
Babel <v3.8m> and hyphenation patterns for english, dumylang, nohyphenation, et
hiopic, farsi, arabic, pinyin, croatian, bulgarian, ukrainian, russian, slovak,
 czech, danish, dutch, usenglishmax, ukenglish, finnish, french, basque, ngerma
n, german, swissgerman, ngerman-x-2012-05-30, german-x-2012-05-30, monogreek, g
reek, ibycus, ancientgreek, hungarian, bengali, tamil, hindi, telugu, gujarati,
 sanskrit, malayalam, kannada, assamese, marathi, oriya, panjabi, italian, lati
n, latvian, lithuanian, mongolian, mongolianlmc, nynorsk, bokmal, indonesian, e
speranto, coptic, welsh, irish, interlingua, serbian, serbianc, slovenian, friu
lan, romansh, estonian, romanian, armenian, uppersorbian, turkish, afrikaans, i
celandic, kurmanji, polish, portuguese, galician, catalan, spanish, swedish, th
ai, loaded.
(/usr/share/texlive/texmf-dist/tex/latex/base/article.cls
Document Class: article 2007/10/19 v1.4h Standard LaTeX document class
(/usr/share/texlive/texmf-dist/tex/latex/base/size12.clo
File: size12.clo 2007/10/19 v1.4h Standard LaTeX file (size option)
)
\c@part=\count79
\c@section=\count80
\c@subsection=\count81
\c@subsubsection=\count82
\c@paragraph=\count83
\c@subparagraph=\count84
\c@figure=\count85
\c@table=\count86
\abovecaptionskip=\skip41
\belowcaptionskip=\skip42
\bibindent=\dimen102
)
(/usr/share/texlive/texmf-dist/tex/latex/graphics/graphicx.sty
Package: graphicx 1999/02/16 v1.0f Enhanced LaTeX Graphics (DPC,SPQR)

(/usr/share/texlive/texmf-dist/tex/latex/graphics/keyval.sty
Package: keyval 1999/03/16 v1.13 key=value parser (DPC)
\KV@toks@=\toks14
)
(/usr/share/texlive/texmf-dist/tex/latex/graphics/graphics.sty
Package: graphics 2009/02/05 v1.0o Standard LaTeX Graphics (DPC,SPQR)

(/usr/share/texlive/texmf-dist/tex/latex/graphics/trig.sty
Package: trig 1999/03/16 v1.09 sin cos tan (DPC)
)
(/usr/share/texlive/texmf-dist/tex/latex/latexconfig/graphics.cfg
File: graphics.cfg 2010/04/23 v1.9 graphics configuration of TeX Live
)
Package graphics Info: Driver file: pdftex.def on input line 91.

(/usr/share/texlive/texmf-dist/tex/latex/pdftex-def/pdftex.def
File: pdftex.def 2011/05/27 v0.06d Graphics/color for pdfTeX

(/usr/share/texlive/texmf-dist/tex/generic/oberdiek/infwarerr.sty
Package: infwarerr 2010/04/08 v1.3 Providing info/warning/error messages (HO)
)
(/usr/share/texlive/texmf-dist/tex/generic/oberdiek/ltxcmds.sty
Package: ltxcmds 2011/11/09 v1.22 LaTeX kernel commands for general use (HO)
)
\Gread@gobject=\count87
))
\Gin@req@height=\dimen103
\Gin@req@width=\dimen104
)
(/usr/share/texlive/texmf-dist/tex/latex/float/float.sty
Package: float 2001/11/08 v1.3d Float enhancements (AL)
\c@float@type=\count88
\float@exts=\toks15
\float@box=\box26
\@float@everytoks=\toks16
\@floatcapt=\box27
)
(/usr/share/texlive/texmf-dist/tex/latex/multirow/multirow.sty
\bigstrutjot=\dimen105
)
(./desc working copy.aux)
\openout1 = `"desc working copy.aux"'.

LaTeX Font Info:    Checking defaults for OML/cmm/m/it on input line 56.
LaTeX Font Info:    ... okay on input line 56.
LaTeX Font Info:    Checking defaults for T1/cmr/m/n on input line 56.
LaTeX Font Info:    ... okay on input line 56.
LaTeX Font Info:    Checking defaults for OT1/cmr/m/n on input line 56.
LaTeX Font Info:    ... okay on input line 56.
LaTeX Font Info:    Checking defaults for OMS/cmsy/m/n on input line 56.
LaTeX Font Info:    ... okay on input line 56.
LaTeX Font Info:    Checking defaults for OMX/cmex/m/n on input line 56.
LaTeX Font Info:    ... okay on input line 56.
LaTeX Font Info:    Checking defaults for U/cmr/m/n on input line 56.
LaTeX Font Info:    ... okay on input line 56.

(/usr/share/texlive/texmf-dist/tex/context/base/supp-pdf.mkii
[Loading MPS to PDF converter (version 2006.09.02).]
\scratchcounter=\count89
\scratchdimen=\dimen106
\scratchbox=\box28
\nofMPsegments=\count90
\nofMParguments=\count91
\everyMPshowfont=\toks17
\MPscratchCnt=\count92
\MPscratchDim=\dimen107
\MPnumerator=\count93
\makeMPintoPDFobject=\count94
\everyMPtoPDFconversion=\toks18
) (/usr/share/texlive/texmf-dist/tex/generic/oberdiek/pdftexcmds.sty
Package: pdftexcmds 2011/11/29 v0.20 Utility functions of pdfTeX for LuaTeX (HO
)

(/usr/share/texlive/texmf-dist/tex/generic/oberdiek/ifluatex.sty
Package: ifluatex 2010/03/01 v1.3 Provides the ifluatex switch (HO)
Package ifluatex Info: LuaTeX not detected.
)
(/usr/share/texlive/texmf-dist/tex/generic/oberdiek/ifpdf.sty
Package: ifpdf 2011/01/30 v2.3 Provides the ifpdf switch (HO)
Package ifpdf Info: pdfTeX in PDF mode is detected.
)
Package pdftexcmds Info: LuaTeX not detected.
Package pdftexcmds Info: \pdf@primitive is available.
Package pdftexcmds Info: \pdf@ifprimitive is available.
Package pdftexcmds Info: \pdfdraftmode found.
)
(/usr/share/texlive/texmf-dist/tex/latex/oberdiek/epstopdf-base.sty
Package: epstopdf-base 2010/02/09 v2.5 Base part for package epstopdf

(/usr/share/texlive/texmf-dist/tex/latex/oberdiek/grfext.sty
Package: grfext 2010/08/19 v1.1 Manage graphics extensions (HO)

(/usr/share/texlive/texmf-dist/tex/generic/oberdiek/kvdefinekeys.sty
Package: kvdefinekeys 2011/04/07 v1.3 Define keys (HO)
))
(/usr/share/texlive/texmf-dist/tex/latex/oberdiek/kvoptions.sty
Package: kvoptions 2011/06/30 v3.11 Key value format for package options (HO)

(/usr/share/texlive/texmf-dist/tex/generic/oberdiek/kvsetkeys.sty
Package: kvsetkeys 2012/04/25 v1.16 Key value parser (HO)

(/usr/share/texlive/texmf-dist/tex/generic/oberdiek/etexcmds.sty
Package: etexcmds 2011/02/16 v1.5 Avoid name clashes with e-TeX commands (HO)
Package etexcmds Info: Could not find \expanded.
(etexcmds)             That can mean that you are not using pdfTeX 1.50 or
(etexcmds)             that some package has redefined \expanded.
(etexcmds)             In the latter case, load this package earlier.
)))
Package grfext Info: Graphics extension search list:
(grfext)             [.png,.pdf,.jpg,.mps,.jpeg,.jbig2,.jb2,.PNG,.PDF,.JPG,.JPE
G,.JBIG2,.JB2,.eps]
(grfext)             \AppendGraphicsExtensions on input line 452.

(/usr/share/texlive/texmf-dist/tex/latex/latexconfig/epstopdf-sys.cfg
File: epstopdf-sys.cfg 2010/07/13 v1.3 Configuration of (r)epstopdf for TeX Liv
e
))
<../top_off_set1_10k_1st.jpg, id=1, 575.14874pt x 331.2375pt>
File: ../top_off_set1_10k_1st.jpg Graphic file (type jpg)

<use ../top_off_set1_10k_1st.jpg>
Package pdftex.def Info: ../top_off_set1_10k_1st.jpg used on input line 63.
(pdftex.def)             Requested size: 143.78683pt x 82.80916pt.

<../top_off_set1_10k_2nd.jpg, id=2, 575.14874pt x 331.2375pt>
File: ../top_off_set1_10k_2nd.jpg Graphic file (type jpg)

<use ../top_off_set1_10k_2nd.jpg>
Package pdftex.def Info: ../top_off_set1_10k_2nd.jpg used on input line 64.
(pdftex.def)             Requested size: 143.78683pt x 82.80916pt.

<../top_off_set2_10k_1st.jpg, id=3, 574.145pt x 331.2375pt>
File: ../top_off_set2_10k_1st.jpg Graphic file (type jpg)

<use ../top_off_set2_10k_1st.jpg>
Package pdftex.def Info: ../top_off_set2_10k_1st.jpg used on input line 65.
(pdftex.def)             Requested size: 143.53589pt x 82.80916pt.

<../top_off_set2_10k_2nd.jpg, id=4, 574.145pt x 331.2375pt>
File: ../top_off_set2_10k_2nd.jpg Graphic file (type jpg)

<use ../top_off_set2_10k_2nd.jpg>
Package pdftex.def Info: ../top_off_set2_10k_2nd.jpg used on input line 66.
(pdftex.def)             Requested size: 143.53589pt x 82.80916pt.

Overfull \hbox (2.6232pt too wide) in paragraph at lines 63--68
[] [] 
 []


Overfull \hbox (2.62149pt too wide) in paragraph at lines 63--68
[] []
 []


Underfull \hbox (badness 10000) in paragraph at lines 63--68

 []

<../percentage_increase_set1_10k_1st.jpg, id=5, 573.14125pt x 329.23pt>
File: ../percentage_increase_set1_10k_1st.jpg Graphic file (type jpg)

<use ../percentage_increase_set1_10k_1st.jpg>
Package pdftex.def Info: ../percentage_increase_set1_10k_1st.jpg used on input 
line 77.
(pdftex.def)             Requested size: 143.28496pt x 82.3073pt.

<../percentage_increase_set1_10k_2nd.jpg, id=6, 573.14125pt x 329.23pt>
File: ../percentage_increase_set1_10k_2nd.jpg Graphic file (type jpg)

<use ../percentage_increase_set1_10k_2nd.jpg>
Package pdftex.def Info: ../percentage_increase_set1_10k_2nd.jpg used on input 
line 78.
(pdftex.def)             Requested size: 143.28496pt x 82.3073pt.
File: ../percentage_increase_set1_10k_1st.jpg Graphic file (type jpg)

<use ../percentage_increase_set1_10k_1st.jpg>
Package pdftex.def Info: ../percentage_increase_set1_10k_1st.jpg used on input 
line 79.
(pdftex.def)             Requested size: 143.28496pt x 82.3073pt.

<../percentage_increase_set2_10k_2nd.jpg, id=7, 573.14125pt x 329.23pt>
File: ../percentage_increase_set2_10k_2nd.jpg Graphic file (type jpg)

<use ../percentage_increase_set2_10k_2nd.jpg>
Package pdftex.def Info: ../percentage_increase_set2_10k_2nd.jpg used on input 
line 80.
(pdftex.def)             Requested size: 143.28496pt x 82.3073pt.

Overfull \hbox (2.61743pt too wide) in paragraph at lines 77--82
[] [] 
 []


Overfull \hbox (2.61743pt too wide) in paragraph at lines 77--82
[] []
 []


Underfull \hbox (badness 10000) in paragraph at lines 77--82

 []

[1

{/var/lib/texmf/fonts/map/pdftex/updmap/pdftex.map} <../top_off_set1_10k_1st.jp
g> <../top_off_set1_10k_2nd.jpg> <../top_off_set2_10k_1st.jpg> <../top_off_set2
_10k_2nd.jpg>]
! Misplaced alignment tab character &.
<argument> ...ll-Aware Faults Between Functional &
                                                   Non-Functional for those ...
l.88 ...l for those not Detected by Stuck-At ATPG}
                                                  \par\medskip
I can't figure out why you would want to use a tab mark
here. If you just want an ampersand, the remedy is
simple: Just type `I\&' now. But if some right brace
up above has ended a previous alignment prematurely,
you're probably due for more error messages, and you
might try typing `S' now just to see what is salvageable.

<../distribution_set1_10k_1st.jpg, id=15, 622.325pt x 334.24875pt>
File: ../distribution_set1_10k_1st.jpg Graphic file (type jpg)

<use ../distribution_set1_10k_1st.jpg>
Package pdftex.def Info: ../distribution_set1_10k_1st.jpg used on input line 91
.
(pdftex.def)             Requested size: 155.58086pt x 83.56198pt.

<../distribution_set1_10k_2nd.jpg, id=16, 622.325pt x 334.24875pt>
File: ../distribution_set1_10k_2nd.jpg Graphic file (type jpg)

<use ../distribution_set1_10k_2nd.jpg>
Package pdftex.def Info: ../distribution_set1_10k_2nd.jpg used on input line 92
.
(pdftex.def)             Requested size: 155.58086pt x 83.56198pt.
File: ../distribution_set1_10k_1st.jpg Graphic file (type jpg)
 <use ../distribution_set1_10k_1st.jpg>
Package pdftex.def Info: ../distribution_set1_10k_1st.jpg used on input line 93
.
(pdftex.def)             Requested size: 155.58086pt x 83.56198pt.

<../distribution_set2_10k_2nd.jpg, id=17, 622.325pt x 334.24875pt>
File: ../distribution_set2_10k_2nd.jpg Graphic file (type jpg)

<use ../distribution_set2_10k_2nd.jpg>
Package pdftex.def Info: ../distribution_set2_10k_2nd.jpg used on input line 94
.
(pdftex.def)             Requested size: 155.58086pt x 83.56198pt.

Overfull \hbox (2.61725pt too wide) in paragraph at lines 91--96
[] [] 
 []


Overfull \hbox (2.61725pt too wide) in paragraph at lines 91--96
[] []
 []


Underfull \hbox (badness 10000) in paragraph at lines 91--96

 []

[2 <../percentage_increase_set1_10k_1st.jpg> <../percentage_increase_set1_10k_2
nd.jpg> <../percentage_increase_set2_10k_2nd.jpg>]
Missing character: There is no â in font cmr12!
Missing character: There is no € in font cmr12!
Missing character: There is no ™ in font cmr12!
LaTeX Font Info:    External font `cmex10' loaded for size
(Font)              <12> on input line 121.
LaTeX Font Info:    External font `cmex10' loaded for size
(Font)              <8> on input line 121.
LaTeX Font Info:    External font `cmex10' loaded for size
(Font)              <6> on input line 121.
 [3 <../distribution_set1_10k_1st.jpg> <../distribution_set1_10k_2nd.jpg> <../d
istribution_set2_10k_2nd.jpg>] <../detections_s9234.jpg, id=25, 588.1975pt x 24
3.91125pt>
File: ../detections_s9234.jpg Graphic file (type jpg)

<use ../detections_s9234.jpg>
Package pdftex.def Info: ../detections_s9234.jpg used on input line 131.
(pdftex.def)             Requested size: 147.04901pt x 60.97766pt.

<../detections_s13207.jpg, id=26, 609.27625pt x 239.89626pt>
File: ../detections_s13207.jpg Graphic file (type jpg)

<use ../detections_s13207.jpg>
Package pdftex.def Info: ../detections_s13207.jpg used on input line 132.
(pdftex.def)             Requested size: 152.31868pt x 59.9739pt.

<../detections_s15850.jpg, id=27, 613.29124pt x 221.82875pt>
File: ../detections_s15850.jpg Graphic file (type jpg)

<use ../detections_s15850.jpg>
Package pdftex.def Info: ../detections_s15850.jpg used on input line 133.
(pdftex.def)             Requested size: 153.32243pt x 55.45705pt.

<../detections_s38417.jpg, id=28, 609.27625pt x 216.81pt>
File: ../detections_s38417.jpg Graphic file (type jpg)

<use ../detections_s38417.jpg>
Package pdftex.def Info: ../detections_s38417.jpg used on input line 134.
(pdftex.def)             Requested size: 152.31868pt x 54.20236pt.

Overfull \hbox (2.61935pt too wide) in paragraph at lines 131--136
[] [] 
 []


Overfull \hbox (2.63089pt too wide) in paragraph at lines 131--136
[] [] 
 []

<../detections_s38584.jpg, id=29, 608.2725pt x 226.8475pt>
File: ../detections_s38584.jpg Graphic file (type jpg)

<use ../detections_s38584.jpg>
Package pdftex.def Info: ../detections_s38584.jpg used on input line 137.
(pdftex.def)             Requested size: 152.06775pt x 56.71173pt.
 [4 <../detections_s9234.jpg> <../detections_s13207.jpg> <../detections_s15850.
jpg> <../detections_s38417.jpg> <../detections_s38584.jpg>] (./desc working cop
y.aux) ) 
Here is how much of TeX's memory you used:
 1627 strings out of 493485
 24654 string characters out of 3143526
 91127 words of memory out of 3000000
 4922 multiletter control sequences out of 15000+200000
 6683 words of font info for 24 fonts, out of 3000000 for 9000
 957 hyphenation exceptions out of 8191
 37i,10n,23p,1006b,258s stack positions out of 5000i,500n,10000p,200000b,50000s
</usr/share/texlive/texmf-dist/fonts/type1/public/amsfonts/cm/cmbx12.pf
b></usr/share/texlive/texmf-dist/fonts/type1/public/amsfonts/cm/cmmi12.pfb></us
r/share/texlive/texmf-dist/fonts/type1/public/amsfonts/cm/cmr12.pfb>
Output written on "desc working copy.pdf" (4 pages, 768386 bytes).
PDF statistics:
 44 PDF objects out of 1000 (max. 8388607)
 19 compressed objects within 1 object stream
 0 named destinations out of 1000 (max. 500000)
 76 words of extra memory for PDF output out of 10000 (max. 10000000)

