This is pdfTeX, Version 3.1415926-2.4-1.40.13 (TeX Live 2012/Debian) (format=pdflatex 2014.2.15)  11 MAR 2014 14:55
entering extended mode
 restricted \write18 enabled.
 %&-line parsing enabled.
**NDetNDet.tex
(./NDetNDet.tex
LaTeX2e <2011/06/27>
Babel <v3.8m> and hyphenation patterns for english, dumylang, nohyphenation, et
hiopic, farsi, arabic, pinyin, croatian, bulgarian, ukrainian, russian, slovak,
 czech, danish, dutch, usenglishmax, ukenglish, finnish, french, basque, ngerma
n, german, swissgerman, ngerman-x-2012-05-30, german-x-2012-05-30, monogreek, g
reek, ibycus, ancientgreek, hungarian, bengali, tamil, hindi, telugu, gujarati,
 sanskrit, malayalam, kannada, assamese, marathi, oriya, panjabi, italian, lati
n, latvian, lithuanian, mongolian, mongolianlmc, nynorsk, bokmal, indonesian, e
speranto, coptic, welsh, irish, interlingua, serbian, serbianc, slovenian, friu
lan, romansh, estonian, romanian, armenian, uppersorbian, turkish, afrikaans, i
celandic, kurmanji, polish, portuguese, galician, catalan, spanish, swedish, th
ai, loaded.
(/usr/share/texlive/texmf-dist/tex/latex/IEEEtran/IEEEtran.cls
Document Class: IEEEtran 2007/03/05 V1.7a by Michael Shell
-- See the "IEEEtran_HOWTO" manual for usage information.
-- http://www.michaelshell.org/tex/ieeetran/
\@IEEEtrantmpdimenA=\dimen102
\@IEEEtrantmpdimenB=\dimen103
\@IEEEtrantmpcountA=\count79
\@IEEEtrantmpcountB=\count80
\@IEEEtrantmptoksA=\toks14
LaTeX Font Info:    Try loading font information for OT1+ptm on input line 366.

(/usr/share/texlive/texmf-dist/tex/latex/psnfss/ot1ptm.fd
File: ot1ptm.fd 2001/06/04 font definitions for OT1/ptm.
)
-- Using 8.5in x 11in (letter) paper.
-- Using PDF output.
\@IEEEnormalsizeunitybaselineskip=\dimen104
-- This is a 10 point document.
** ATTENTION: Technotes are normally 9pt documents.
\CLASSINFOnormalsizebaselineskip=\dimen105
\CLASSINFOnormalsizeunitybaselineskip=\dimen106
\IEEEnormaljot=\dimen107
LaTeX Font Info:    Font shape `OT1/ptm/bx/n' in size <5> not available
(Font)              Font shape `OT1/ptm/b/n' tried instead on input line 724.
LaTeX Font Info:    Font shape `OT1/ptm/bx/it' in size <5> not available
(Font)              Font shape `OT1/ptm/b/it' tried instead on input line 724.
LaTeX Font Info:    Font shape `OT1/ptm/bx/n' in size <7> not available
(Font)              Font shape `OT1/ptm/b/n' tried instead on input line 724.
LaTeX Font Info:    Font shape `OT1/ptm/bx/it' in size <7> not available
(Font)              Font shape `OT1/ptm/b/it' tried instead on input line 724.
LaTeX Font Info:    Font shape `OT1/ptm/bx/n' in size <8> not available
(Font)              Font shape `OT1/ptm/b/n' tried instead on input line 724.
LaTeX Font Info:    Font shape `OT1/ptm/bx/it' in size <8> not available
(Font)              Font shape `OT1/ptm/b/it' tried instead on input line 724.
LaTeX Font Info:    Font shape `OT1/ptm/bx/n' in size <9> not available
(Font)              Font shape `OT1/ptm/b/n' tried instead on input line 724.
LaTeX Font Info:    Font shape `OT1/ptm/bx/it' in size <9> not available
(Font)              Font shape `OT1/ptm/b/it' tried instead on input line 724.
LaTeX Font Info:    Font shape `OT1/ptm/bx/n' in size <10> not available
(Font)              Font shape `OT1/ptm/b/n' tried instead on input line 724.
LaTeX Font Info:    Font shape `OT1/ptm/bx/it' in size <10> not available
(Font)              Font shape `OT1/ptm/b/it' tried instead on input line 724.
LaTeX Font Info:    Font shape `OT1/ptm/bx/n' in size <11> not available
(Font)              Font shape `OT1/ptm/b/n' tried instead on input line 724.
LaTeX Font Info:    Font shape `OT1/ptm/bx/it' in size <11> not available
(Font)              Font shape `OT1/ptm/b/it' tried instead on input line 724.
LaTeX Font Info:    Font shape `OT1/ptm/bx/n' in size <12> not available
(Font)              Font shape `OT1/ptm/b/n' tried instead on input line 724.
LaTeX Font Info:    Font shape `OT1/ptm/bx/it' in size <12> not available
(Font)              Font shape `OT1/ptm/b/it' tried instead on input line 724.
LaTeX Font Info:    Font shape `OT1/ptm/bx/n' in size <17> not available
(Font)              Font shape `OT1/ptm/b/n' tried instead on input line 724.
LaTeX Font Info:    Font shape `OT1/ptm/bx/it' in size <17> not available
(Font)              Font shape `OT1/ptm/b/it' tried instead on input line 724.
LaTeX Font Info:    Font shape `OT1/ptm/bx/n' in size <20> not available
(Font)              Font shape `OT1/ptm/b/n' tried instead on input line 724.
LaTeX Font Info:    Font shape `OT1/ptm/bx/it' in size <20> not available
(Font)              Font shape `OT1/ptm/b/it' tried instead on input line 724.
LaTeX Font Info:    Font shape `OT1/ptm/bx/n' in size <24> not available
(Font)              Font shape `OT1/ptm/b/n' tried instead on input line 724.
LaTeX Font Info:    Font shape `OT1/ptm/bx/it' in size <24> not available
(Font)              Font shape `OT1/ptm/b/it' tried instead on input line 724.
\IEEEilabelindentA=\dimen108
\IEEEilabelindentB=\dimen109
\IEEEilabelindent=\dimen110
\IEEEelabelindent=\dimen111
\IEEEdlabelindent=\dimen112
\IEEElabelindent=\dimen113
\IEEEiednormlabelsep=\dimen114
\IEEEiedmathlabelsep=\dimen115
\IEEEiedtopsep=\skip41
\c@section=\count81
\c@subsection=\count82
\c@subsubsection=\count83
\c@paragraph=\count84
\c@IEEEsubequation=\count85
\abovecaptionskip=\skip42
\belowcaptionskip=\skip43
\c@figure=\count86
\c@table=\count87
\@IEEEeqnnumcols=\count88
\@IEEEeqncolcnt=\count89
\@IEEEtmpitemindent=\dimen116
\c@IEEEbiography=\count90
\@IEEEtranrubishbin=\box26
) (/usr/share/texlive/texmf-dist/tex/latex/tools/multicol.sty
Package: multicol 2011/06/27 v1.7a multicolumn formatting (FMi)
\c@tracingmulticols=\count91
\mult@box=\box27
\multicol@leftmargin=\dimen117
\c@unbalance=\count92
\c@collectmore=\count93
\doublecol@number=\count94
\multicoltolerance=\count95
\multicolpretolerance=\count96
\full@width=\dimen118
\page@free=\dimen119
\premulticols=\dimen120
\postmulticols=\dimen121
\multicolsep=\skip44
\multicolbaselineskip=\skip45
\partial@page=\box28
\last@line=\box29
\mult@rightbox=\box30
\mult@grightbox=\box31
\mult@gfirstbox=\box32
\mult@firstbox=\box33
\@tempa=\box34
\@tempa=\box35
\@tempa=\box36
\@tempa=\box37
\@tempa=\box38
\@tempa=\box39
\@tempa=\box40
\@tempa=\box41
\@tempa=\box42
\@tempa=\box43
\@tempa=\box44
\@tempa=\box45
\@tempa=\box46
\@tempa=\box47
\@tempa=\box48
\@tempa=\box49
\@tempa=\box50
\c@columnbadness=\count97
\c@finalcolumnbadness=\count98
\last@try=\dimen122
\multicolovershoot=\dimen123
\multicolundershoot=\dimen124
\mult@nat@firstbox=\box51
\colbreak@box=\box52
\multicol@sort@counter=\count99
)
(/usr/share/texlive/texmf-dist/tex/latex/lipsum/lipsum.sty
Package: lipsum 2011/04/14 v1.2 150 paragraphs of Lorem Ipsum dummy text
\c@lips@count=\count100
)
(/usr/share/texlive/texmf-dist/tex/latex/graphics/graphicx.sty
Package: graphicx 1999/02/16 v1.0f Enhanced LaTeX Graphics (DPC,SPQR)

(/usr/share/texlive/texmf-dist/tex/latex/graphics/keyval.sty
Package: keyval 1999/03/16 v1.13 key=value parser (DPC)
\KV@toks@=\toks15
)
(/usr/share/texlive/texmf-dist/tex/latex/graphics/graphics.sty
Package: graphics 2009/02/05 v1.0o Standard LaTeX Graphics (DPC,SPQR)

(/usr/share/texlive/texmf-dist/tex/latex/graphics/trig.sty
Package: trig 1999/03/16 v1.09 sin cos tan (DPC)
)
(/usr/share/texlive/texmf-dist/tex/latex/latexconfig/graphics.cfg
File: graphics.cfg 2010/04/23 v1.9 graphics configuration of TeX Live
)
Package graphics Info: Driver file: pdftex.def on input line 91.

(/usr/share/texlive/texmf-dist/tex/latex/pdftex-def/pdftex.def
File: pdftex.def 2011/05/27 v0.06d Graphics/color for pdfTeX

(/usr/share/texlive/texmf-dist/tex/generic/oberdiek/infwarerr.sty
Package: infwarerr 2010/04/08 v1.3 Providing info/warning/error messages (HO)
)
(/usr/share/texlive/texmf-dist/tex/generic/oberdiek/ltxcmds.sty
Package: ltxcmds 2011/11/09 v1.22 LaTeX kernel commands for general use (HO)
)
\Gread@gobject=\count101
))
\Gin@req@height=\dimen125
\Gin@req@width=\dimen126
)
(/usr/share/texlive/texmf-dist/tex/latex/float/float.sty
Package: float 2001/11/08 v1.3d Float enhancements (AL)
\c@float@type=\count102
\float@exts=\toks16
\float@box=\box53
\@float@everytoks=\toks17
\@floatcapt=\box54
) (./NDetNDet.aux)
\openout1 = `NDetNDet.aux'.

LaTeX Font Info:    Checking defaults for OML/cmm/m/it on input line 10.
LaTeX Font Info:    ... okay on input line 10.
LaTeX Font Info:    Checking defaults for T1/cmr/m/n on input line 10.
LaTeX Font Info:    ... okay on input line 10.
LaTeX Font Info:    Checking defaults for OT1/cmr/m/n on input line 10.
LaTeX Font Info:    ... okay on input line 10.
LaTeX Font Info:    Checking defaults for OMS/cmsy/m/n on input line 10.
LaTeX Font Info:    ... okay on input line 10.
LaTeX Font Info:    Checking defaults for OMX/cmex/m/n on input line 10.
LaTeX Font Info:    ... okay on input line 10.
LaTeX Font Info:    Checking defaults for U/cmr/m/n on input line 10.
LaTeX Font Info:    ... okay on input line 10.

(/usr/share/texlive/texmf-dist/tex/context/base/supp-pdf.mkii
[Loading MPS to PDF converter (version 2006.09.02).]
\scratchcounter=\count103
\scratchdimen=\dimen127
\scratchbox=\box55
\nofMPsegments=\count104
\nofMParguments=\count105
\everyMPshowfont=\toks18
\MPscratchCnt=\count106
\MPscratchDim=\dimen128
\MPnumerator=\count107
\makeMPintoPDFobject=\count108
\everyMPtoPDFconversion=\toks19
) (/usr/share/texlive/texmf-dist/tex/generic/oberdiek/pdftexcmds.sty
Package: pdftexcmds 2011/11/29 v0.20 Utility functions of pdfTeX for LuaTeX (HO
)

(/usr/share/texlive/texmf-dist/tex/generic/oberdiek/ifluatex.sty
Package: ifluatex 2010/03/01 v1.3 Provides the ifluatex switch (HO)
Package ifluatex Info: LuaTeX not detected.
)
(/usr/share/texlive/texmf-dist/tex/generic/oberdiek/ifpdf.sty
Package: ifpdf 2011/01/30 v2.3 Provides the ifpdf switch (HO)
Package ifpdf Info: pdfTeX in PDF mode is detected.
)
Package pdftexcmds Info: LuaTeX not detected.
Package pdftexcmds Info: \pdf@primitive is available.
Package pdftexcmds Info: \pdf@ifprimitive is available.
Package pdftexcmds Info: \pdfdraftmode found.
)
(/usr/share/texlive/texmf-dist/tex/latex/oberdiek/epstopdf-base.sty
Package: epstopdf-base 2010/02/09 v2.5 Base part for package epstopdf

(/usr/share/texlive/texmf-dist/tex/latex/oberdiek/grfext.sty
Package: grfext 2010/08/19 v1.1 Manage graphics extensions (HO)

(/usr/share/texlive/texmf-dist/tex/generic/oberdiek/kvdefinekeys.sty
Package: kvdefinekeys 2011/04/07 v1.3 Define keys (HO)
))
(/usr/share/texlive/texmf-dist/tex/latex/oberdiek/kvoptions.sty
Package: kvoptions 2011/06/30 v3.11 Key value format for package options (HO)

(/usr/share/texlive/texmf-dist/tex/generic/oberdiek/kvsetkeys.sty
Package: kvsetkeys 2012/04/25 v1.16 Key value parser (HO)

(/usr/share/texlive/texmf-dist/tex/generic/oberdiek/etexcmds.sty
Package: etexcmds 2011/02/16 v1.5 Avoid name clashes with e-TeX commands (HO)
Package etexcmds Info: Could not find \expanded.
(etexcmds)             That can mean that you are not using pdfTeX 1.50 or
(etexcmds)             that some package has redefined \expanded.
(etexcmds)             In the latter case, load this package earlier.
)))
Package grfext Info: Graphics extension search list:
(grfext)             [.png,.pdf,.jpg,.mps,.jpeg,.jbig2,.jb2,.PNG,.PDF,.JPG,.JPE
G,.JBIG2,.JB2,.eps]
(grfext)             \AppendGraphicsExtensions on input line 452.

(/usr/share/texlive/texmf-dist/tex/latex/latexconfig/epstopdf-sys.cfg
File: epstopdf-sys.cfg 2010/07/13 v1.3 Configuration of (r)epstopdf for TeX Liv
e
))
(./NDetNDet.toc
LaTeX Font Info:    External font `cmex10' loaded for size
(Font)              <7> on input line 4.
LaTeX Font Info:    External font `cmex10' loaded for size
(Font)              <5> on input line 4.

Underfull \hbox (badness 4913) in paragraph at lines 5--5
 [][] []\OT1/ptm/m/n/10 Cell-aware fault de-tec-tion 
 []


Underfull \hbox (badness 2343) in paragraph at lines 6--6
 [][] []\OT1/ptm/m/n/10 Why n-detect ATPG Test 
 []

)
\tf@toc=\write3
\openout3 = `NDetNDet.toc'.

 <Figures/experiment_flow.jpg, id=1, 417.56pt x 294.09875pt>
File: Figures/experiment_flow.jpg Graphic file (type jpg)

<use Figures/experiment_flow.jpg>
Package pdftex.def Info: Figures/experiment_flow.jpg used on input line 99.
(pdftex.def)             Requested size: 208.77948pt x 147.04901pt.
 [1{/var/lib/texmf/fonts/map/pdftex/updmap/pdftex.map}


]
<../Figures/top_off_set1_10k_1st.jpg, id=13, 575.14874pt x 331.2375pt>
File: ../Figures/top_off_set1_10k_1st.jpg Graphic file (type jpg)

<use ../Figures/top_off_set1_10k_1st.jpg>
Package pdftex.def Info: ../Figures/top_off_set1_10k_1st.jpg used on input line
 109.
(pdftex.def)             Requested size: 115.02771pt x 66.24632pt.

<../Figures/top_off_set1_10k_2nd.jpg, id=14, 575.14874pt x 331.2375pt>
File: ../Figures/top_off_set1_10k_2nd.jpg Graphic file (type jpg)

<use ../Figures/top_off_set1_10k_2nd.jpg>
Package pdftex.def Info: ../Figures/top_off_set1_10k_2nd.jpg used on input line
 113.
(pdftex.def)             Requested size: 115.02771pt x 66.24632pt.

<../Figures/top_off_set2_10k_1st.jpg, id=15, 574.145pt x 331.2375pt>
File: ../Figures/top_off_set2_10k_1st.jpg Graphic file (type jpg)

<use ../Figures/top_off_set2_10k_1st.jpg>
Package pdftex.def Info: ../Figures/top_off_set2_10k_1st.jpg used on input line
 117.
(pdftex.def)             Requested size: 114.82697pt x 66.24632pt.

<../Figures/top_off_set2_10k_2nd.jpg, id=16, 574.145pt x 331.2375pt>
File: ../Figures/top_off_set2_10k_2nd.jpg Graphic file (type jpg)

<use ../Figures/top_off_set2_10k_2nd.jpg>
Package pdftex.def Info: ../Figures/top_off_set2_10k_2nd.jpg used on input line
 121.
(pdftex.def)             Requested size: 114.82697pt x 66.24632pt.

<../Figures/percentage_increase_set1_10k_1st.jpg, id=17, 573.14125pt x 329.23pt
>
File: ../Figures/percentage_increase_set1_10k_1st.jpg Graphic file (type jpg)
 <use ../Figures/percentage_increase_set1_10k_1st.jpg>
Package pdftex.def Info: ../Figures/percentage_increase_set1_10k_1st.jpg used o
n input line 129.
(pdftex.def)             Requested size: 114.6262pt x 65.84482pt.

! Too many }'s.
\@endfloatbox ...pagefalse \outer@nobreak \egroup 
                                                  \color@endbox 
l.130 \end{figure}
                  
You've closed more groups than you opened.
Such booboos are generally harmless, so keep going.


! LaTeX Error: \begin{document} ended by \end{figure}.

See the LaTeX manual or LaTeX Companion for explanation.
Type  H <return>  for immediate help.
 ...                                              
                                                  
l.130 \end{figure}
                  
Your command was ignored.
Type  I <command> <return>  to replace it with another command,
or  <return>  to continue without it.

! Extra \endgroup.
<recently read> \endgroup 
                          
l.130 \end{figure}
                  
Things are pretty mixed up, but I think the worst is over.


<../Figures/percentage_increase_set1_10k_2nd.jpg, id=18, 573.14125pt x 329.23pt
>
File: ../Figures/percentage_increase_set1_10k_2nd.jpg Graphic file (type jpg)
 <use ../Figures/percentage_increase_set1_10k_2nd.jpg>
Package pdftex.def Info: ../Figures/percentage_increase_set1_10k_2nd.jpg used o
n input line 133.
(pdftex.def)             Requested size: 114.6262pt x 65.84482pt.
 [2 <./Figures/experiment_flow.jpg> <../Figures/top_off_set1_10k_1st.jpg> <../F
igures/top_off_set1_10k_2nd.jpg> <../Figures/top_off_set2_10k_1st.jpg> <../Figu
res/top_off_set2_10k_2nd.jpg> <../Figures/percentage_increase_set1_10k_1st.jpg>
]
<../Figures/percentage_increase_set2_10k_1st.jpg, id=22, 573.14125pt x 329.23pt
>
File: ../Figures/percentage_increase_set2_10k_1st.jpg Graphic file (type jpg)
 <use ../Figures/percentage_increase_set2_10k_1st.jpg>
Package pdftex.def Info: ../Figures/percentage_increase_set2_10k_1st.jpg used o
n input line 137.
(pdftex.def)             Requested size: 114.6262pt x 65.84482pt.

<../Figures/percentage_increase_set2_10k_2nd.jpg, id=23, 573.14125pt x 329.23pt
>
File: ../Figures/percentage_increase_set2_10k_2nd.jpg Graphic file (type jpg)
 <use ../Figures/percentage_increase_set2_10k_2nd.jpg>
Package pdftex.def Info: ../Figures/percentage_increase_set2_10k_2nd.jpg used o
n input line 141.
(pdftex.def)             Requested size: 114.6262pt x 65.84482pt.

! Misplaced alignment tab character &.
<argument> ...ll-Aware Faults Between Functional &
                                                   Non-Functional for those ...
l.148 ... for those not Detected by Stuck-At ATPG}
                                                  %\par\medskip
I can't figure out why you would want to use a tab mark
here. If you just want an ampersand, the remedy is
simple: Just type `I\&' now. But if some right brace
up above has ended a previous alignment prematurely,
you're probably due for more error messages, and you
might try typing `S' now just to see what is salvageable.

<../Figures/distribution_set1_10k_1st.jpg, id=24, 622.325pt x 334.24875pt>
File: ../Figures/distribution_set1_10k_1st.jpg Graphic file (type jpg)

<use ../Figures/distribution_set1_10k_1st.jpg>
Package pdftex.def Info: ../Figures/distribution_set1_10k_1st.jpg used on input
 line 150.
(pdftex.def)             Requested size: 124.46278pt x 66.84856pt.

! Too many }'s.
\@endfloatbox ...pagefalse \outer@nobreak \egroup 
                                                  \color@endbox 
l.151 \end{figure}
                  
You've closed more groups than you opened.
Such booboos are generally harmless, so keep going.


! LaTeX Error: \begin{document} ended by \end{figure}.

See the LaTeX manual or LaTeX Companion for explanation.
Type  H <return>  for immediate help.
 ...                                              
                                                  
l.151 \end{figure}
                  
Your command was ignored.
Type  I <command> <return>  to replace it with another command,
or  <return>  to continue without it.

! Extra \endgroup.
<recently read> \endgroup 
                          
l.151 \end{figure}
                  
Things are pretty mixed up, but I think the worst is over.

<../Figures/distribution_set1_10k_2nd.jpg, id=25, 622.325pt x 334.24875pt>
File: ../Figures/distribution_set1_10k_2nd.jpg Graphic file (type jpg)

<use ../Figures/distribution_set1_10k_2nd.jpg>
Package pdftex.def Info: ../Figures/distribution_set1_10k_2nd.jpg used on input
 line 154.
(pdftex.def)             Requested size: 124.46278pt x 66.84856pt.

<../Figures/distribution_set2_10k_1st.jpg, id=26, 622.325pt x 334.24875pt>
File: ../Figures/distribution_set2_10k_1st.jpg Graphic file (type jpg)

<use ../Figures/distribution_set2_10k_1st.jpg>
Package pdftex.def Info: ../Figures/distribution_set2_10k_1st.jpg used on input
 line 158.
(pdftex.def)             Requested size: 124.46278pt x 66.84856pt.

<../Figures/distribution_set2_10k_2nd.jpg, id=27, 622.325pt x 334.24875pt>
File: ../Figures/distribution_set2_10k_2nd.jpg Graphic file (type jpg)

<use ../Figures/distribution_set2_10k_2nd.jpg>
Package pdftex.def Info: ../Figures/distribution_set2_10k_2nd.jpg used on input
 line 162.
(pdftex.def)             Requested size: 124.46278pt x 66.84856pt.
Missing character: There is no â in font ptmr7t!
Missing character: There is no € in font ptmr7t!
Missing character: There is no ™ in font ptmr7t!
 [3 <../Figures/percentage_increase_set1_10k_2nd.jpg> <../Figures/percentage_in
crease_set2_10k_1st.jpg> <../Figures/percentage_increase_set2_10k_2nd.jpg> <../
Figures/distribution_set1_10k_1st.jpg> <../Figures/distribution_set1_10k_2nd.jp
g> <../Figures/distribution_set2_10k_1st.jpg> <../Figures/distribution_set2_10k
_2nd.jpg>]
<../Figures/detections_s9234.jpg, id=31, 588.1975pt x 243.91125pt>
File: ../Figures/detections_s9234.jpg Graphic file (type jpg)

<use ../Figures/detections_s9234.jpg>
Package pdftex.def Info: ../Figures/detections_s9234.jpg used on input line 171
.
(pdftex.def)             Requested size: 117.6374pt x 48.78137pt.

<../Figures/detections_s13207.jpg, id=32, 609.27625pt x 239.89626pt>
File: ../Figures/detections_s13207.jpg Graphic file (type jpg)

<use ../Figures/detections_s13207.jpg>
Package pdftex.def Info: ../Figures/detections_s13207.jpg used on input line 17
5.
(pdftex.def)             Requested size: 121.85309pt x 47.9784pt.

<../Figures/detections_s15850.jpg, id=33, 613.29124pt x 221.82875pt>
File: ../Figures/detections_s15850.jpg Graphic file (type jpg)

<use ../Figures/detections_s15850.jpg>
Package pdftex.def Info: ../Figures/detections_s15850.jpg used on input line 17
9.
(pdftex.def)             Requested size: 122.65607pt x 44.36496pt.

<../Figures/detections_s38417.jpg, id=34, 609.27625pt x 216.81pt>
File: ../Figures/detections_s38417.jpg Graphic file (type jpg)

<use ../Figures/detections_s38417.jpg>
Package pdftex.def Info: ../Figures/detections_s38417.jpg used on input line 18
3.
(pdftex.def)             Requested size: 121.85309pt x 43.36122pt.

<../Figures/detections_s38584.jpg, id=35, 608.2725pt x 226.8475pt>
File: ../Figures/detections_s38584.jpg Graphic file (type jpg)

<use ../Figures/detections_s38584.jpg>
Package pdftex.def Info: ../Figures/detections_s38584.jpg used on input line 18
7.
(pdftex.def)             Requested size: 121.65234pt x 45.36868pt.

Underfull \vbox (badness 10000) has occurred while \output is active []

 [4 <../Figures/detections_s9234.jpg> <../Figures/detections_s13207.jpg> <../Fi
gures/detections_s15850.jpg> <../Figures/detections_s38417.jpg> <../Figures/det
ections_s38584.jpg>]
! Undefined control sequence.
<recently read> \multirow 
                          
l.215 \end{tabular}}
                    
The control sequence at the end of the top line
of your error message was never \def'ed. If you have
misspelled it (e.g., `\hobx'), type `I' and the correct
spelling (e.g., `I\hbox'). Otherwise just continue,
and I'll forget about whatever was undefined.

! Undefined control sequence.
<recently read> \multirow 
                          
l.215 \end{tabular}}
                    
The control sequence at the end of the top line
of your error message was never \def'ed. If you have
misspelled it (e.g., `\hobx'), type `I' and the correct
spelling (e.g., `I\hbox'). Otherwise just continue,
and I'll forget about whatever was undefined.

[5] (./NDetNDet.bbl
Overfull \hbox (1.7179pt too wide) in paragraph at lines 48--56
\OT1/ptm/m/n/8 http://dl.acm.org.proxy.libraries.smu.edu/citation.cfm?id=968879
.969191 
 []


Overfull \hbox (1.7179pt too wide) in paragraph at lines 112--118
\OT1/ptm/m/n/8 http://dl.acm.org.proxy.libraries.smu.edu/citation.cfm?id=317825
.317868 
 []


Overfull \hbox (9.7179pt too wide) in paragraph at lines 121--128
\OT1/ptm/m/n/8 http://dl.acm.org.proxy.libraries.smu.edu/citation.cfm?id=126636
6.1266717 
 []

) [6



] (./NDetNDet.aux) ) 
Here is how much of TeX's memory you used:
 2602 strings out of 493485
 42700 string characters out of 3143526
 197884 words of memory out of 3000000
 5877 multiletter control sequences out of 15000+200000
 35279 words of font info for 64 fonts, out of 3000000 for 9000
 957 hyphenation exceptions out of 8191
 37i,9n,23p,1776b,234s stack positions out of 5000i,500n,10000p,200000b,50000s
{/usr/share/texlive/texmf-dist/fonts/enc/dvips/base/8r.enc}
</usr/share/texlive/texmf-dist/fonts/type1/public/amsfonts/cm/cmmi10.pfb></usr/
share/texlive/texmf-dist/fonts/type1/public/amsfonts/cm/cmr10.pfb></usr/share/t
exlive/texmf-dist/fonts/type1/urw/times/utmb8a.pfb></usr/share/texlive/texmf-di
st/fonts/type1/urw/times/utmbi8a.pfb></usr/share/texlive/texmf-dist/fonts/type1
/urw/times/utmr8a.pfb></usr/share/texlive/texmf-dist/fonts/type1/urw/times/utmr
i8a.pfb>
Output written on NDetNDet.pdf (6 pages, 938248 bytes).
PDF statistics:
 66 PDF objects out of 1000 (max. 8388607)
 33 compressed objects within 1 object stream
 0 named destinations out of 1000 (max. 500000)
 91 words of extra memory for PDF output out of 10000 (max. 10000000)

